Построение начато 30.09.2017 0:33:44.
     1>Проект "c:\Users\User\documents\visual studio 2010\Projects\diffur\diffur\diffur.vcxproj" в узле 2 (целевые объекты build).
     1>InitializeBuildStatus:
         Создание "Debug\diffur.unsuccessfulbuild", так как было задано "AlwaysCreate".
       ClCompile:
         Для всех выходных данных обновления не требуется.
         c:\Program Files\Microsoft Visual Studio 10.0\VC\bin\CL.exe /c /ZI /nologo /W3 /WX- /Od /Oy- /D WIN32 /D _DEBUG /D _CONSOLE /D _UNICODE /D UNICODE /Gm /EHsc /RTC1 /MDd /GS /fp:precise /Zc:wchar_t /Zc:forScope /Yu"StdAfx.h" /Fp"Debug\diffur.pch" /Fo"Debug\\" /Fd"Debug\vc100.pdb" /Gd /TP /analyze- /errorReport:prompt diffur.cpp
         diffur.cpp
       Link:
         c:\Program Files\Microsoft Visual Studio 10.0\VC\bin\link.exe /ERRORREPORT:PROMPT /OUT:"c:\users\user\documents\visual studio 2010\Projects\diffur\Debug\diffur.exe" /INCREMENTAL:NO /NOLOGO kernel32.lib user32.lib gdi32.lib winspool.lib comdlg32.lib advapi32.lib shell32.lib ole32.lib oleaut32.lib uuid.lib odbc32.lib odbccp32.lib /MANIFEST /ManifestFile:"Debug\diffur.exe.intermediate.manifest" /MANIFESTUAC:"level='asInvoker' uiAccess='false'" /DEBUG /PDB:"c:\users\user\documents\visual studio 2010\Projects\diffur\Debug\diffur.pdb" /SUBSYSTEM:CONSOLE /TLBID:1 /DYNAMICBASE /NXCOMPAT /IMPLIB:"c:\users\user\documents\visual studio 2010\Projects\diffur\Debug\diffur.lib" /MACHINE:X86 Debug\diffur.obj
         Debug\paraboldif.obj
         Debug\stdafx.obj
     1>diffur.obj : warning LNK4075: не учитывается "/EDITANDCONTINUE" из-за спецификации "/INCREMENTAL:NO"
         diffur.vcxproj -> c:\users\user\documents\visual studio 2010\Projects\diffur\Debug\diffur.exe
       Manifest:
         c:\Program Files\Microsoft SDKs\Windows\v7.0A\bin\mt.exe /nologo /verbose /outputresource:"c:\users\user\documents\visual studio 2010\Projects\diffur\Debug\diffur.exe;#1" /manifest Debug\diffur.exe.intermediate.manifest
       FinalizeBuildStatus:
         Файл "Debug\diffur.unsuccessfulbuild" удаляется.
         Обращение к "Debug\diffur.lastbuildstate".
     1>Построение проекта "c:\Users\User\documents\visual studio 2010\Projects\diffur\diffur\diffur.vcxproj" завершено (целевые объекты build).

Построение успешно завершено.

Затраченное время: 00:00:01.74
